[33m[nodemon] 3.1.10[39m
[33m[nodemon] to restart at any time, enter `rs`[39m
[33m[nodemon] watching path(s): src\**\*[39m
[33m[nodemon] watching extensions: ts,json[39m
[32m[nodemon] starting `ts-node src/server.ts`[39m
[dotenv@17.2.2] injecting env (3) from .env -- tip: ⚙️  enable debug logging with { debug: true }
[dotenv@17.2.2] injecting env (0) from .env -- tip: ⚙️  suppress all logs with { quiet: true }
Server running at http://localhost:8080
MongoDB connected successfully
Decoded userId: 6a4ba5b2a2e09af6c62139df
Decoded userId: 6a4ba5b2a2e09af6c62139df
Decoded userId: 6a4ba5b2a2e09af6c62139df
Decoded userId: 6a4ba5b2a2e09af6c62139df
Decoded userId: 6a4ba5b2a2e09af6c62139df
Decoded userId: 6a4ba5b2a2e09af6c62139df
Decoded userId: 6a4ba5b2a2e09af6c62139df
Decoded userId: 6a4ba5b2a2e09af6c62139df
Decoded userId: 6a4ba5b2a2e09af6c62139df
Decoded userId: 6a4ba5b2a2e09af6c62139df
Decoded userId: 6a4ba5b2a2e09af6c62139df
Decoded userId: 6a4ba5b2a2e09af6c62139df
Decoded userId: 6a4ba5b2a2e09af6c62139df
Decoded userId: 6a4ba5b2a2e09af6c62139df
Decoded userId: 6a4ba5b2a2e09af6c62139df
Decoded userId: 6a4ba5b2a2e09af6c62139df
Decoded userId: 6a4ba5b2a2e09af6c62139df
Decoded userId: 6a4ba5b2a2e09af6c62139df
[32m[nodemon] restarting due to changes...[39m
[32m[nodemon] starting `ts-node src/server.ts`[39m
[dotenv@17.2.2] injecting env (3) from .env -- tip: 📡 auto-backup env with Radar: https://dotenvx.com/radar
[dotenv@17.2.2] injecting env (0) from .env -- tip: ⚙️  enable debug logging with { debug: true }
Server running at http://localhost:8080
MongoDB connected successfully
[32m[nodemon] restarting due to changes...[39m
[32m[nodemon] starting `ts-node src/server.ts`[39m
[dotenv@17.2.2] injecting env (3) from .env -- tip: ⚙️  enable debug logging with { debug: true }
[dotenv@17.2.2] injecting env (0) from .env -- tip: 📡 observe env with Radar: https://dotenvx.com/radar
Server running at http://localhost:8080
MongoDB connected successfully
Decoded userId: 6a4ba5b2a2e09af6c62139df
Decoded userId: 6a4ba5b2a2e09af6c62139df
Decoded userId: 6a4ba5b2a2e09af6c62139df
Decoded userId: 6a4ba5b2a2e09af6c62139df
Decoded userId: 6a4ba5b2a2e09af6c62139df
Decoded userId: 6a4ba5b2a2e09af6c62139df
[32m[nodemon] restarting due to changes...[39m
[32m[nodemon] starting `ts-node src/server.ts`[39m
[31m[nodemon] app crashed - waiting for file changes before starting...[39m
[32m[nodemon] restarting due to changes...[39m
[32m[nodemon] starting `ts-node src/server.ts`[39m
[31m[nodemon] app crashed - waiting for file changes before starting...[39m
[32m[nodemon] restarting due to changes...[39m
[32m[nodemon] starting `ts-node src/server.ts`[39m
[31m[nodemon] app crashed - waiting for file changes before starting...[39m
[32m[nodemon] restarting due to changes...[39m
[32m[nodemon] starting `ts-node src/server.ts`[39m
[31m[nodemon] app crashed - waiting for file changes before starting...[39m
[32m[nodemon] restarting due to changes...[39m
[32m[nodemon] starting `ts-node src/server.ts`[39m
[32m[nodemon] restarting due to changes...[39m
[32m[nodemon] starting `ts-node src/server.ts`[39m
[31m[nodemon] app crashed - waiting for file changes before starting...[39m
[32m[nodemon] restarting due to changes...[39m
[32m[nodemon] starting `ts-node src/server.ts`[39m
[31m[nodemon] app crashed - waiting for file changes before starting...[39m
[32m[nodemon] restarting due to changes...[39m
[32m[nodemon] starting `ts-node src/server.ts`[39m
[31m[nodemon] app crashed - waiting for file changes before starting...[39m
[32m[nodemon] restarting due to changes...[39m
[32m[nodemon] starting `ts-node src/server.ts`[39m
[31m[nodemon] app crashed - waiting for file changes before starting...[39m
[32m[nodemon] restarting due to changes...[39m
[32m[nodemon] starting `ts-node src/server.ts`[39m
[31m[nodemon] app crashed - waiting for file changes before starting...[39m
[32m[nodemon] restarting due to changes...[39m
[32m[nodemon] starting `ts-node src/server.ts`[39m
[31m[nodemon] app crashed - waiting for file changes before starting...[39m
[32m[nodemon] restarting due to changes...[39m
[32m[nodemon] starting `ts-node src/server.ts`[39m
[32m[nodemon] restarting due to changes...[39m
[32m[nodemon] starting `ts-node src/server.ts`[39m
[31m[nodemon] app crashed - waiting for file changes before starting...[39m
[32m[nodemon] restarting due to changes...[39m
[32m[nodemon] starting `ts-node src/server.ts`[39m
[32m[nodemon] restarting due to changes...[39m
[32m[nodemon] starting `ts-node src/server.ts`[39m
[31m[nodemon] app crashed - waiting for file changes before starting...[39m
[32m[nodemon] restarting due to changes...[39m
[32m[nodemon] starting `ts-node src/server.ts`[39m
[31m[nodemon] app crashed - waiting for file changes before starting...[39m
[32m[nodemon] restarting due to changes...[39m
[32m[nodemon] starting `ts-node src/server.ts`[39m
[31m[nodemon] app crashed - waiting for file changes before starting...[39m
[32m[nodemon] restarting due to changes...[39m
[32m[nodemon] starting `ts-node src/server.ts`[39m
[32m[nodemon] restarting due to changes...[39m
[32m[nodemon] starting `ts-node src/server.ts`[39m
[31m[nodemon] app crashed - waiting for file changes before starting...[39m
[32m[nodemon] restarting due to changes...[39m
[32m[nodemon] starting `ts-node src/server.ts`[39m
[31m[nodemon] app crashed - waiting for file changes before starting...[39m
[32m[nodemon] restarting due to changes...[39m
[32m[nodemon] starting `ts-node src/server.ts`[39m
[31m[nodemon] app crashed - waiting for file changes before starting...[39m
[32m[nodemon] restarting due to changes...[39m
[32m[nodemon] starting `ts-node src/server.ts`[39m
[32m[nodemon] restarting due to changes...[39m
[32m[nodemon] starting `ts-node src/server.ts`[39m
[31m[nodemon] app crashed - waiting for file changes before starting...[39m
[32m[nodemon] restarting due to changes...[39m
[32m[nodemon] starting `ts-node src/server.ts`[39m
[dotenv@17.2.2] injecting env (2) from .env -- tip: 📡 observe env with Radar: https://dotenvx.com/radar
Firebase Admin initialized via ADC
[dotenv@17.2.2] injecting env (0) from .env -- tip: 🔐 prevent committing .env to code: https://dotenvx.com/precommit
Server running at http://localhost:8080
Decoded userId: u5isujNefphMUK2rOWvo
Decoded userId: u5isujNefphMUK2rOWvo
Decoded userId: u5isujNefphMUK2rOWvo
Decoded userId: u5isujNefphMUK2rOWvo
Decoded userId: u5isujNefphMUK2rOWvo
Decoded userId: u5isujNefphMUK2rOWvo
Decoded userId: u5isujNefphMUK2rOWvo
[32m[nodemon] restarting due to changes...[39m
[32m[nodemon] starting `ts-node src/server.ts`[39m
[dotenv@17.2.2] injecting env (2) from .env -- tip: 🔐 prevent committing .env to code: https://dotenvx.com/precommit
Firebase Admin initialized via ADC
[dotenv@17.2.2] injecting env (0) from .env -- tip: 📡 observe env with Radar: https://dotenvx.com/radar
Server running at http://localhost:8080
